1623924772198	geckodriver	INFO	Listening on 127.0.0.1:49651
1623924775304	mozrunner::runner	INFO	Running command: "C:\\Program Files (x86)\\Mozilla Firefox\\firefox.exe" "--marionette" "-foreground" "-no-remote" "-profile" "C:\\Users\\deepa\\AppData\\Local\\Temp\\rust_mozprofilermt2wx"
1623924778754	Marionette	INFO	Marionette enabled
console.warn: SearchSettings: "get: No settings file exists, new profile?" (new NotFoundError("Could not open the file at C:\\Users\\deepa\\AppData\\Local\\Temp\\rust_mozprofilermt2wx\\search.json.mozlz4", (void 0)))
1623924790244	Marionette	INFO	Listening on port 49659
1623924790774	Marionette	WARN	TLS certificate errors will be ignored for this session
JavaScript error: resource://gre/modules/XULStore.jsm, line 66: Error: Can't find profile directory.
JavaScript error: resource://gre/modules/XULStore.jsm, line 66: Error: Can't find profile directory.
1623924805553	Marionette	INFO	Stopped listening on port 49659
[Parent 120, IPC I/O Parent] WARNING: file /builds/worker/checkouts/gecko/ipc/chromium/src/base/process_util_win.cc:167
[Parent 120, IPC I/O Parent] WARNING: file /builds/worker/checkouts/gecko/ipc/chromium/src/base/process_util_win.cc:167

###!!! [Child][RunMessage] Error: Channel closing: too late to send/recv, messages will be lost

1623930451208	geckodriver	INFO	Listening on 127.0.0.1:64082
1623930454155	mozrunner::runner	INFO	Running command: "C:\\Program Files (x86)\\Mozilla Firefox\\firefox.exe" "--marionette" "-foreground" "-no-remote" "-profile" "C:\\Users\\deepa\\AppData\\Local\\Temp\\rust_mozprofilerOExKM"
1623930458409	Marionette	INFO	Marionette enabled
console.warn: SearchSettings: "get: No settings file exists, new profile?" (new NotFoundError("Could not open the file at C:\\Users\\deepa\\AppData\\Local\\Temp\\rust_mozprofilerOExKM\\search.json.mozlz4", (void 0)))
1623930472650	Marionette	INFO	Listening on port 64090
1623930474025	Marionette	WARN	TLS certificate errors will be ignored for this session
JavaScript error: resource://gre/modules/XULStore.jsm, line 66: Error: Can't find profile directory.
JavaScript error: resource://gre/modules/XULStore.jsm, line 66: Error: Can't find profile directory.
1623930488653	Marionette	INFO	Stopped listening on port 64090
1623930850598	geckodriver	INFO	Listening on 127.0.0.1:53970
1623930853672	mozrunner::runner	INFO	Running command: "C:\\Program Files (x86)\\Mozilla Firefox\\firefox.exe" "--marionette" "-foreground" "-no-remote" "-profile" "C:\\Users\\deepa\\AppData\\Local\\Temp\\rust_mozprofilefEfQqs"
1623930854897	Marionette	INFO	Marionette enabled
console.warn: SearchSettings: "get: No settings file exists, new profile?" (new NotFoundError("Could not open the file at C:\\Users\\deepa\\AppData\\Local\\Temp\\rust_mozprofilefEfQqs\\search.json.mozlz4", (void 0)))
1623930859575	Marionette	INFO	Listening on port 53978
1623930860253	Marionette	WARN	TLS certificate errors will be ignored for this session
JavaScript error: resource://gre/modules/XULStore.jsm, line 66: Error: Can't find profile directory.
JavaScript error: resource://gre/modules/XULStore.jsm, line 66: Error: Can't find profile directory.
1623930870441	Marionette	INFO	Stopped listening on port 53978
JavaScript error: resource://gre/modules/UrlClassifierListManager.jsm, line 691: TypeError: this.tablesData[table] is undefined
1623990591558	geckodriver	INFO	Listening on 127.0.0.1:62706
1623990594631	mozrunner::runner	INFO	Running command: "C:\\Program Files (x86)\\Mozilla Firefox\\firefox.exe" "--marionette" "-foreground" "-no-remote" "-profile" "C:\\Users\\deepa\\AppData\\Local\\Temp\\rust_mozprofiley30Blx"
1623990724702	geckodriver	INFO	Listening on 127.0.0.1:52985
1623990727828	mozrunner::runner	INFO	Running command: "C:\\Program Files (x86)\\Mozilla Firefox\\firefox.exe" "--marionette" "-foreground" "-no-remote" "-profile" "C:\\Users\\deepa\\AppData\\Local\\Temp\\rust_mozprofileczuYlQ"
1623990728380	Marionette	INFO	Marionette enabled
console.warn: SearchSettings: "get: No settings file exists, new profile?" (new NotFoundError("Could not open the file at C:\\Users\\deepa\\AppData\\Local\\Temp\\rust_mozprofileczuYlQ\\search.json.mozlz4", (void 0)))
1623990732867	Marionette	INFO	Listening on port 52993
1623990733884	Marionette	WARN	TLS certificate errors will be ignored for this session
JavaScript error: resource://gre/modules/XULStore.jsm, line 66: Error: Can't find profile directory.
JavaScript error: resource://gre/modules/XULStore.jsm, line 66: Error: Can't find profile directory.
1623990745940	Marionette	INFO	Stopped listening on port 52993

###!!! [Child][RunMessage] Error: Channel closing: too late to send/recv, messages will be lost

1623994838124	geckodriver	INFO	Listening on 127.0.0.1:55132
1623994841259	mozrunner::runner	INFO	Running command: "C:\\Program Files (x86)\\Mozilla Firefox\\firefox.exe" "--marionette" "-foreground" "-no-remote" "-profile" "C:\\Users\\deepa\\AppData\\Local\\Temp\\rust_mozprofile3PlzqD"
1623994842197	Marionette	INFO	Marionette enabled
console.warn: SearchSettings: "get: No settings file exists, new profile?" (new NotFoundError("Could not open the file at C:\\Users\\deepa\\AppData\\Local\\Temp\\rust_mozprofile3PlzqD\\search.json.mozlz4", (void 0)))
1623994848539	Marionette	INFO	Listening on port 61806
1623994849470	Marionette	WARN	TLS certificate errors will be ignored for this session
1623994860505	Marionette	INFO	Stopped listening on port 61806
JavaScript error: resource://gre/modules/UrlClassifierListManager.jsm, line 691: TypeError: this.tablesData[table] is undefined
[Parent 9724, IPC I/O Parent] WARNING: file /builds/worker/checkouts/gecko/ipc/chromium/src/base/process_util_win.cc:167
1624251277393	geckodriver	INFO	Listening on 127.0.0.1:53630
1624251280435	mozrunner::runner	INFO	Running command: "C:\\Program Files (x86)\\Mozilla Firefox\\firefox.exe" "--marionette" "-foreground" "-no-remote" "-profile" "C:\\Users\\deepa\\AppData\\Local\\Temp\\rust_mozprofilefYpIMY"
1624251282717	Marionette	INFO	Marionette enabled
console.warn: SearchSettings: "get: No settings file exists, new profile?" (new NotFoundError("Could not open the file at C:\\Users\\deepa\\AppData\\Local\\Temp\\rust_mozprofilefYpIMY\\search.json.mozlz4", (void 0)))
1624251292216	Marionette	INFO	Listening on port 64460
1624251293027	Marionette	WARN	TLS certificate errors will be ignored for this session
1624251304824	Marionette	INFO	Stopped listening on port 64460
[Parent 5524, IPC I/O Parent] WARNING: file /builds/worker/checkouts/gecko/ipc/chromium/src/base/process_util_win.cc:167
1624251306666	geckodriver	INFO	Listening on 127.0.0.1:64533
1624251309740	mozrunner::runner	INFO	Running command: "C:\\Program Files (x86)\\Mozilla Firefox\\firefox.exe" "--marionette" "-foreground" "-no-remote" "-profile" "C:\\Users\\deepa\\AppData\\Local\\Temp\\rust_mozprofilehrtMpv"
1624251311043	Marionette	INFO	Marionette enabled
console.warn: SearchSettings: "get: No settings file exists, new profile?" (new NotFoundError("Could not open the file at C:\\Users\\deepa\\AppData\\Local\\Temp\\rust_mozprofilehrtMpv\\search.json.mozlz4", (void 0)))
1624251316716	Marionette	INFO	Listening on port 64541
1624251317877	Marionette	WARN	TLS certificate errors will be ignored for this session
1624251327635	Marionette	INFO	Stopped listening on port 64541
[Parent 9540, IPC I/O Parent] WARNING: file /builds/worker/checkouts/gecko/ipc/chromium/src/base/process_util_win.cc:167
1624255914687	geckodriver	INFO	Listening on 127.0.0.1:52988
1624255917756	mozrunner::runner	INFO	Running command: "C:\\Program Files (x86)\\Mozilla Firefox\\firefox.exe" "--marionette" "-foreground" "-no-remote" "-profile" "C:\\Users\\deepa\\AppData\\Local\\Temp\\rust_mozprofilebU2zqm"
1624255918481	Marionette	INFO	Marionette enabled
console.warn: SearchSettings: "get: No settings file exists, new profile?" (new NotFoundError("Could not open the file at C:\\Users\\deepa\\AppData\\Local\\Temp\\rust_mozprofilebU2zqm\\search.json.mozlz4", (void 0)))
1624255924292	Marionette	INFO	Listening on port 52996
1624255924756	Marionette	WARN	TLS certificate errors will be ignored for this session
console.error: Region.jsm: "Error fetching region" (new Error("TIMEOUT", "resource://gre/modules/Region.jsm", 772))
console.error: Region.jsm: "Failed to fetch region" (new Error("TIMEOUT", "resource://gre/modules/Region.jsm", 419))
1624255943082	Marionette	INFO	Stopped listening on port 52996
1624255944583	geckodriver	INFO	Listening on 127.0.0.1:60412
1624255947785	mozrunner::runner	INFO	Running command: "C:\\Program Files (x86)\\Mozilla Firefox\\firefox.exe" "--marionette" "-foreground" "-no-remote" "-profile" "C:\\Users\\deepa\\AppData\\Local\\Temp\\rust_mozprofileQdidic"
1624255948452	Marionette	INFO	Marionette enabled
console.warn: SearchSettings: "get: No settings file exists, new profile?" (new NotFoundError("Could not open the file at C:\\Users\\deepa\\AppData\\Local\\Temp\\rust_mozprofileQdidic\\search.json.mozlz4", (void 0)))
1624255952755	Marionette	INFO	Listening on port 60420
1624255953135	Marionette	WARN	TLS certificate errors will be ignored for this session
1624255973490	Marionette	INFO	Stopped listening on port 60420
1624335789124	geckodriver	INFO	Listening on 127.0.0.1:52514
1624335792294	mozrunner::runner	INFO	Running command: "C:\\Program Files (x86)\\Mozilla Firefox\\firefox.exe" "--marionette" "-foreground" "-no-remote" "-profile" "C:\\Users\\deepa\\AppData\\Local\\Temp\\rust_mozprofileJl8yhl"
1624335793149	Marionette	INFO	Marionette enabled
console.warn: SearchSettings: "get: No settings file exists, new profile?" (new NotFoundError("Could not open the file at C:\\Users\\deepa\\AppData\\Local\\Temp\\rust_mozprofileJl8yhl\\search.json.mozlz4", (void 0)))
1624335798006	Marionette	INFO	Listening on port 52522
1624335798932	Marionette	WARN	TLS certificate errors will be ignored for this session
1624335815021	Marionette	INFO	Stopped listening on port 52522
1624335816721	geckodriver	INFO	Listening on 127.0.0.1:54292
1624335819862	mozrunner::runner	INFO	Running command: "C:\\Program Files (x86)\\Mozilla Firefox\\firefox.exe" "--marionette" "-foreground" "-no-remote" "-profile" "C:\\Users\\deepa\\AppData\\Local\\Temp\\rust_mozprofileTK7hrz"
1624335820421	Marionette	INFO	Marionette enabled
console.warn: SearchSettings: "get: No settings file exists, new profile?" (new NotFoundError("Could not open the file at C:\\Users\\deepa\\AppData\\Local\\Temp\\rust_mozprofileTK7hrz\\search.json.mozlz4", (void 0)))
1624335824996	Marionette	INFO	Listening on port 54300
1624335825944	Marionette	WARN	TLS certificate errors will be ignored for this session
1624335837262	Marionette	INFO	Stopped listening on port 54300
