2021-06-21 11:02:16,973 : INFO : utilities.BaseClass : getting all the prodcuts
2021-06-21 11:02:17,253 : INFO : utilities.BaseClass : Entering country name as ind
2021-06-21 11:02:22,635 : INFO : utilities.BaseClass : text received from application is×
Success! Thank you! Your order will be delivered in next few weeks :-).
2021-06-21 11:05:03,655 : INFO : utilities.BaseClass : success message received is×
Success! The Form has been submitted successfully!.
2021-06-21 11:05:04,539 : INFO : utilities.BaseClass : success message received is×
Success! The Form has been submitted successfully!.
2021-06-21 11:05:04,539 : INFO : utilities.BaseClass : success message received is×
Success! The Form has been submitted successfully!.
2021-06-21 11:05:11,853 : INFO : utilities.BaseClass : getting all the prodcuts
2021-06-21 11:05:11,853 : INFO : utilities.BaseClass : getting all the prodcuts
2021-06-21 11:05:11,853 : INFO : utilities.BaseClass : getting all the prodcuts
2021-06-21 11:05:12,152 : INFO : utilities.BaseClass : Entering country name as ind
2021-06-21 11:05:12,152 : INFO : utilities.BaseClass : Entering country name as ind
2021-06-21 11:05:12,152 : INFO : utilities.BaseClass : Entering country name as ind
2021-06-21 11:05:17,536 : INFO : utilities.BaseClass : text received from application is×
Success! Thank you! Your order will be delivered in next few weeks :-).
2021-06-21 11:05:17,536 : INFO : utilities.BaseClass : text received from application is×
Success! Thank you! Your order will be delivered in next few weeks :-).
2021-06-21 11:05:17,536 : INFO : utilities.BaseClass : text received from application is×
Success! Thank you! Your order will be delivered in next few weeks :-).
2021-06-21 11:12:40,039 : INFO : utilities.BaseClass : success message received is×
Success! The Form has been submitted successfully!.
2021-06-21 11:12:41,013 : INFO : utilities.BaseClass : success message received is×
Success! The Form has been submitted successfully!.
2021-06-21 11:12:41,013 : INFO : utilities.BaseClass : success message received is×
Success! The Form has been submitted successfully!.
2021-06-21 11:12:48,558 : INFO : utilities.BaseClass : getting all the prodcuts
2021-06-21 11:12:48,558 : INFO : utilities.BaseClass : getting all the prodcuts
2021-06-21 11:12:48,558 : INFO : utilities.BaseClass : getting all the prodcuts
2021-06-21 11:12:48,871 : INFO : utilities.BaseClass : Entering country name as ind
2021-06-21 11:12:48,871 : INFO : utilities.BaseClass : Entering country name as ind
2021-06-21 11:12:48,871 : INFO : utilities.BaseClass : Entering country name as ind
2021-06-21 11:12:54,239 : INFO : utilities.BaseClass : text received from application is×
Success! Thank you! Your order will be delivered in next few weeks :-).
2021-06-21 11:12:54,239 : INFO : utilities.BaseClass : text received from application is×
Success! Thank you! Your order will be delivered in next few weeks :-).
2021-06-21 11:12:54,239 : INFO : utilities.BaseClass : text received from application is×
Success! Thank you! Your order will be delivered in next few weeks :-).
2021-06-21 11:13:52,316 : INFO : utilities.BaseClass : success message received is×
Success! The Form has been submitted successfully!.
2021-06-21 11:13:53,212 : INFO : utilities.BaseClass : success message received is×
Success! The Form has been submitted successfully!.
2021-06-21 11:13:53,212 : INFO : utilities.BaseClass : success message received is×
Success! The Form has been submitted successfully!.
2021-06-21 11:14:02,172 : INFO : utilities.BaseClass : getting all the prodcuts
2021-06-21 11:14:02,172 : INFO : utilities.BaseClass : getting all the prodcuts
2021-06-21 11:14:02,172 : INFO : utilities.BaseClass : getting all the prodcuts
2021-06-21 11:14:02,515 : INFO : utilities.BaseClass : Entering country name as ind
2021-06-21 11:14:02,515 : INFO : utilities.BaseClass : Entering country name as ind
2021-06-21 11:14:02,515 : INFO : utilities.BaseClass : Entering country name as ind
2021-06-21 11:14:07,907 : INFO : utilities.BaseClass : text received from application is×
Success! Thank you! Your order will be delivered in next few weeks :-).
2021-06-21 11:14:07,907 : INFO : utilities.BaseClass : text received from application is×
Success! Thank you! Your order will be delivered in next few weeks :-).
2021-06-21 11:14:07,907 : INFO : utilities.BaseClass : text received from application is×
Success! Thank you! Your order will be delivered in next few weeks :-).
2021-06-21 11:31:57,152 : INFO : utilities.BaseClass : success message received is×
Success! The Form has been submitted successfully!.
2021-06-21 11:31:58,091 : INFO : utilities.BaseClass : success message received is×
Success! The Form has been submitted successfully!.
2021-06-21 11:31:58,091 : INFO : utilities.BaseClass : success message received is×
Success! The Form has been submitted successfully!.
2021-06-21 11:32:07,993 : INFO : utilities.BaseClass : getting all the prodcuts
2021-06-21 11:32:07,993 : INFO : utilities.BaseClass : getting all the prodcuts
2021-06-21 11:32:07,993 : INFO : utilities.BaseClass : getting all the prodcuts
2021-06-21 11:32:08,318 : INFO : utilities.BaseClass : Entering country name as ind
2021-06-21 11:32:08,318 : INFO : utilities.BaseClass : Entering country name as ind
2021-06-21 11:32:08,318 : INFO : utilities.BaseClass : Entering country name as ind
2021-06-21 11:32:13,696 : INFO : utilities.BaseClass : text received from application is×
Success! Thank you! Your order will be delivered in next few weeks :-).
2021-06-21 11:32:13,696 : INFO : utilities.BaseClass : text received from application is×
Success! Thank you! Your order will be delivered in next few weeks :-).
2021-06-21 11:32:13,696 : INFO : utilities.BaseClass : text received from application is×
Success! Thank you! Your order will be delivered in next few weeks :-).
2021-06-21 11:36:11,186 : INFO : utilities.BaseClass : success message received is×
Success! The Form has been submitted successfully!.
2021-06-21 11:36:12,145 : INFO : utilities.BaseClass : success message received is×
Success! The Form has been submitted successfully!.
2021-06-21 11:36:12,145 : INFO : utilities.BaseClass : success message received is×
Success! The Form has been submitted successfully!.
2021-06-21 11:36:22,128 : INFO : utilities.BaseClass : getting all the prodcuts
2021-06-21 11:36:22,128 : INFO : utilities.BaseClass : getting all the prodcuts
2021-06-21 11:36:22,128 : INFO : utilities.BaseClass : getting all the prodcuts
2021-06-21 11:36:22,521 : INFO : utilities.BaseClass : Entering country name as ind
2021-06-21 11:36:22,521 : INFO : utilities.BaseClass : Entering country name as ind
2021-06-21 11:36:22,521 : INFO : utilities.BaseClass : Entering country name as ind
2021-06-21 11:36:27,941 : INFO : utilities.BaseClass : text received from application is×
Success! Thank you! Your order will be delivered in next few weeks :-).
2021-06-21 11:36:27,941 : INFO : utilities.BaseClass : text received from application is×
Success! Thank you! Your order will be delivered in next few weeks :-).
2021-06-21 11:36:27,941 : INFO : utilities.BaseClass : text received from application is×
Success! Thank you! Your order will be delivered in next few weeks :-).
2021-06-21 11:42:13,113 : INFO : utilities.BaseClass : success message received is×
Success! The Form has been submitted successfully!.
2021-06-21 11:42:18,417 : INFO : utilities.BaseClass : success message received is×
Success! The Form has been submitted successfully!.
2021-06-21 11:42:18,417 : INFO : utilities.BaseClass : success message received is×
Success! The Form has been submitted successfully!.
2021-06-21 11:42:46,382 : INFO : utilities.BaseClass : getting all the prodcuts
2021-06-21 11:42:46,382 : INFO : utilities.BaseClass : getting all the prodcuts
2021-06-21 11:42:46,382 : INFO : utilities.BaseClass : getting all the prodcuts
2021-06-21 11:42:47,043 : INFO : utilities.BaseClass : Entering country name as ind
2021-06-21 11:42:47,043 : INFO : utilities.BaseClass : Entering country name as ind
2021-06-21 11:42:47,043 : INFO : utilities.BaseClass : Entering country name as ind
2021-06-21 14:38:51,918 : INFO : utilities.BaseClass : success message received is×
Success! The Form has been submitted successfully!.
2021-06-21 14:38:52,840 : INFO : utilities.BaseClass : success message received is×
Success! The Form has been submitted successfully!.
2021-06-21 14:38:52,840 : INFO : utilities.BaseClass : success message received is×
Success! The Form has been submitted successfully!.
2021-06-21 14:39:00,890 : INFO : utilities.BaseClass : getting all the prodcuts
2021-06-21 14:39:00,890 : INFO : utilities.BaseClass : getting all the prodcuts
2021-06-21 14:39:00,890 : INFO : utilities.BaseClass : getting all the prodcuts
2021-06-21 14:39:01,187 : INFO : utilities.BaseClass : Entering country name as ind
2021-06-21 14:39:01,187 : INFO : utilities.BaseClass : Entering country name as ind
2021-06-21 14:39:01,187 : INFO : utilities.BaseClass : Entering country name as ind
2021-06-21 14:39:06,569 : INFO : utilities.BaseClass : text received from application is×
Success! Thank you! Your order will be delivered in next few weeks :-).
2021-06-21 14:39:06,569 : INFO : utilities.BaseClass : text received from application is×
Success! Thank you! Your order will be delivered in next few weeks :-).
2021-06-21 14:39:06,569 : INFO : utilities.BaseClass : text received from application is×
Success! Thank you! Your order will be delivered in next few weeks :-).
2021-06-22 09:53:24,157 : INFO : utilities.BaseClass : success message received is×
Success! The Form has been submitted successfully!.
2021-06-22 09:53:32,395 : INFO : utilities.BaseClass : success message received is×
Success! The Form has been submitted successfully!.
2021-06-22 09:53:32,395 : INFO : utilities.BaseClass : success message received is×
Success! The Form has been submitted successfully!.
2021-06-22 09:53:50,286 : INFO : utilities.BaseClass : getting all the prodcuts
2021-06-22 09:53:50,286 : INFO : utilities.BaseClass : getting all the prodcuts
2021-06-22 09:53:50,286 : INFO : utilities.BaseClass : getting all the prodcuts
2021-06-22 09:53:50,892 : INFO : utilities.BaseClass : Entering country name as ind
2021-06-22 09:53:50,892 : INFO : utilities.BaseClass : Entering country name as ind
2021-06-22 09:53:50,892 : INFO : utilities.BaseClass : Entering country name as ind
2021-06-22 09:53:56,863 : INFO : utilities.BaseClass : text received from application is×
Success! Thank you! Your order will be delivered in next few weeks :-).
2021-06-22 09:53:56,863 : INFO : utilities.BaseClass : text received from application is×
Success! Thank you! Your order will be delivered in next few weeks :-).
2021-06-22 09:53:56,863 : INFO : utilities.BaseClass : text received from application is×
Success! Thank you! Your order will be delivered in next few weeks :-).
2021-06-22 09:55:59,292 : INFO : utilities.BaseClass : success message received is×
Success! The Form has been submitted successfully!.
2021-06-22 09:56:00,251 : INFO : utilities.BaseClass : success message received is×
Success! The Form has been submitted successfully!.
2021-06-22 09:56:00,251 : INFO : utilities.BaseClass : success message received is×
Success! The Form has been submitted successfully!.
2021-06-22 09:56:12,152 : INFO : utilities.BaseClass : getting all the prodcuts
2021-06-22 09:56:12,152 : INFO : utilities.BaseClass : getting all the prodcuts
2021-06-22 09:56:12,152 : INFO : utilities.BaseClass : getting all the prodcuts
2021-06-22 09:56:12,467 : INFO : utilities.BaseClass : Entering country name as ind
2021-06-22 09:56:12,467 : INFO : utilities.BaseClass : Entering country name as ind
2021-06-22 09:56:12,467 : INFO : utilities.BaseClass : Entering country name as ind
2021-06-22 09:56:17,963 : INFO : utilities.BaseClass : text received from application is×
Success! Thank you! Your order will be delivered in next few weeks :-).
2021-06-22 09:56:17,963 : INFO : utilities.BaseClass : text received from application is×
Success! Thank you! Your order will be delivered in next few weeks :-).
2021-06-22 09:56:17,963 : INFO : utilities.BaseClass : text received from application is×
Success! Thank you! Your order will be delivered in next few weeks :-).
2021-06-23 09:51:05,178 : INFO : utilities.BaseClass : success message received is×
Success! The Form has been submitted successfully!.
2021-06-23 09:51:06,088 : INFO : utilities.BaseClass : success message received is×
Success! The Form has been submitted successfully!.
2021-06-23 09:51:06,088 : INFO : utilities.BaseClass : success message received is×
Success! The Form has been submitted successfully!.
2021-06-23 09:51:16,851 : INFO : utilities.BaseClass : getting all the prodcuts
2021-06-23 09:51:16,851 : INFO : utilities.BaseClass : getting all the prodcuts
2021-06-23 09:51:16,851 : INFO : utilities.BaseClass : getting all the prodcuts
2021-06-23 09:51:17,214 : INFO : utilities.BaseClass : Entering country name as ind
2021-06-23 09:51:17,214 : INFO : utilities.BaseClass : Entering country name as ind
2021-06-23 09:51:17,214 : INFO : utilities.BaseClass : Entering country name as ind
2021-06-23 09:51:22,598 : INFO : utilities.BaseClass : text received from application is×
Success! Thank you! Your order will be delivered in next few weeks :-).
2021-06-23 09:51:22,598 : INFO : utilities.BaseClass : text received from application is×
Success! Thank you! Your order will be delivered in next few weeks :-).
2021-06-23 09:51:22,598 : INFO : utilities.BaseClass : text received from application is×
Success! Thank you! Your order will be delivered in next few weeks :-).
2021-06-23 09:52:55,866 : INFO : utilities.BaseClass : success message received is×
Success! The Form has been submitted successfully!.
2021-06-23 09:52:56,708 : INFO : utilities.BaseClass : success message received is×
Success! The Form has been submitted successfully!.
2021-06-23 09:52:56,708 : INFO : utilities.BaseClass : success message received is×
Success! The Form has been submitted successfully!.
2021-06-23 09:53:05,842 : INFO : utilities.BaseClass : getting all the prodcuts
2021-06-23 09:53:05,842 : INFO : utilities.BaseClass : getting all the prodcuts
2021-06-23 09:53:05,842 : INFO : utilities.BaseClass : getting all the prodcuts
2021-06-23 09:53:06,130 : INFO : utilities.BaseClass : Entering country name as ind
2021-06-23 09:53:06,130 : INFO : utilities.BaseClass : Entering country name as ind
2021-06-23 09:53:06,130 : INFO : utilities.BaseClass : Entering country name as ind
2021-06-23 09:53:11,632 : INFO : utilities.BaseClass : text received from application is×
Success! Thank you! Your order will be delivered in next few weeks :-).
2021-06-23 09:53:11,632 : INFO : utilities.BaseClass : text received from application is×
Success! Thank you! Your order will be delivered in next few weeks :-).
2021-06-23 09:53:11,632 : INFO : utilities.BaseClass : text received from application is×
Success! Thank you! Your order will be delivered in next few weeks :-).
2021-06-23 09:58:27,196 : INFO : utilities.BaseClass : success message received is×
Success! The Form has been submitted successfully!.
2021-06-23 09:58:28,357 : INFO : utilities.BaseClass : success message received is×
Success! The Form has been submitted successfully!.
2021-06-23 09:58:28,357 : INFO : utilities.BaseClass : success message received is×
Success! The Form has been submitted successfully!.
2021-06-23 09:58:38,328 : INFO : utilities.BaseClass : getting all the prodcuts
2021-06-23 09:58:38,328 : INFO : utilities.BaseClass : getting all the prodcuts
2021-06-23 09:58:38,328 : INFO : utilities.BaseClass : getting all the prodcuts
2021-06-23 09:58:38,754 : INFO : utilities.BaseClass : Entering country name as ind
2021-06-23 09:58:38,754 : INFO : utilities.BaseClass : Entering country name as ind
2021-06-23 09:58:38,754 : INFO : utilities.BaseClass : Entering country name as ind
2021-06-23 09:58:44,261 : INFO : utilities.BaseClass : text received from application is×
Success! Thank you! Your order will be delivered in next few weeks :-).
2021-06-23 09:58:44,261 : INFO : utilities.BaseClass : text received from application is×
Success! Thank you! Your order will be delivered in next few weeks :-).
2021-06-23 09:58:44,261 : INFO : utilities.BaseClass : text received from application is×
Success! Thank you! Your order will be delivered in next few weeks :-).
2021-06-23 11:20:54,561 : INFO : utilities.BaseClass : getting all the prodcuts
2021-06-23 11:20:54,866 : INFO : utilities.BaseClass : Entering country name as ind
2021-06-23 11:21:00,264 : INFO : utilities.BaseClass : text received from application is×
Success! Thank you! Your order will be delivered in next few weeks :-).
2021-06-23 11:36:22,891 : INFO : utilities.BaseClass : success message received is×
Success! The Form has been submitted successfully!.
2021-06-23 11:36:31,263 : INFO : utilities.BaseClass : getting all the prodcuts
2021-06-23 11:36:31,263 : INFO : utilities.BaseClass : getting all the prodcuts
2021-06-23 11:36:31,554 : INFO : utilities.BaseClass : Entering country name as ind
2021-06-23 11:36:31,554 : INFO : utilities.BaseClass : Entering country name as ind
2021-06-23 11:36:36,931 : INFO : utilities.BaseClass : text received from application is×
Success! Thank you! Your order will be delivered in next few weeks :-).
2021-06-23 11:36:36,931 : INFO : utilities.BaseClass : text received from application is×
Success! Thank you! Your order will be delivered in next few weeks :-).
2021-06-23 11:38:16,358 : INFO : utilities.BaseClass : getting all the prodcuts
2021-06-23 11:38:16,358 : INFO : utilities.BaseClass : getting all the prodcuts
2021-06-23 11:38:16,656 : INFO : utilities.BaseClass : Entering country name as ind
2021-06-23 11:38:16,656 : INFO : utilities.BaseClass : Entering country name as ind
2021-06-23 11:38:22,150 : INFO : utilities.BaseClass : text received from application is×
Success! Thank you! Your order will be delivered in next few weeks :-).
2021-06-23 11:38:22,150 : INFO : utilities.BaseClass : text received from application is×
Success! Thank you! Your order will be delivered in next few weeks :-).
2021-06-23 11:40:24,667 : INFO : utilities.BaseClass : success message received is×
Success! The Form has been submitted successfully!.
2021-06-23 11:40:32,775 : INFO : utilities.BaseClass : getting all the prodcuts
2021-06-23 11:40:32,775 : INFO : utilities.BaseClass : getting all the prodcuts
2021-06-23 11:40:33,078 : INFO : utilities.BaseClass : Entering country name as ind
2021-06-23 11:40:33,078 : INFO : utilities.BaseClass : Entering country name as ind
2021-06-23 11:40:38,499 : INFO : utilities.BaseClass : text received from application is×
Success! Thank you! Your order will be delivered in next few weeks :-).
2021-06-23 11:40:38,499 : INFO : utilities.BaseClass : text received from application is×
Success! Thank you! Your order will be delivered in next few weeks :-).
2021-06-23 11:41:54,303 : INFO : utilities.BaseClass : success message received is×
Success! The Form has been submitted successfully!.
2021-06-23 11:42:02,574 : INFO : utilities.BaseClass : getting all the prodcuts
2021-06-23 11:42:02,574 : INFO : utilities.BaseClass : getting all the prodcuts
2021-06-23 11:42:02,878 : INFO : utilities.BaseClass : Entering country name as ind
2021-06-23 11:42:02,878 : INFO : utilities.BaseClass : Entering country name as ind
2021-06-23 11:42:08,356 : INFO : utilities.BaseClass : text received from application is×
Success! Thank you! Your order will be delivered in next few weeks :-).
2021-06-23 11:42:08,356 : INFO : utilities.BaseClass : text received from application is×
Success! Thank you! Your order will be delivered in next few weeks :-).
2021-06-23 11:43:41,348 : INFO : utilities.BaseClass : success message received is×
Success! The Form has been submitted successfully!.
2021-06-23 11:43:42,165 : INFO : utilities.BaseClass : success message received is×
Success! The Form has been submitted successfully!.
2021-06-23 11:43:42,165 : INFO : utilities.BaseClass : success message received is×
Success! The Form has been submitted successfully!.
2021-06-23 11:43:42,981 : INFO : utilities.BaseClass : success message received is×
Success! The Form has been submitted successfully!.
2021-06-23 11:43:42,981 : INFO : utilities.BaseClass : success message received is×
Success! The Form has been submitted successfully!.
2021-06-23 11:43:42,981 : INFO : utilities.BaseClass : success message received is×
Success! The Form has been submitted successfully!.
2021-06-23 11:43:51,896 : INFO : utilities.BaseClass : getting all the prodcuts
2021-06-23 11:43:51,896 : INFO : utilities.BaseClass : getting all the prodcuts
2021-06-23 11:43:51,896 : INFO : utilities.BaseClass : getting all the prodcuts
2021-06-23 11:43:51,896 : INFO : utilities.BaseClass : getting all the prodcuts
2021-06-23 11:43:52,160 : INFO : utilities.BaseClass : Entering country name as ind
2021-06-23 11:43:52,160 : INFO : utilities.BaseClass : Entering country name as ind
2021-06-23 11:43:52,160 : INFO : utilities.BaseClass : Entering country name as ind
2021-06-23 11:43:52,160 : INFO : utilities.BaseClass : Entering country name as ind
2021-06-23 11:43:57,742 : INFO : utilities.BaseClass : text received from application is×
Success! Thank you! Your order will be delivered in next few weeks :-).
2021-06-23 11:43:57,742 : INFO : utilities.BaseClass : text received from application is×
Success! Thank you! Your order will be delivered in next few weeks :-).
2021-06-23 11:43:57,742 : INFO : utilities.BaseClass : text received from application is×
Success! Thank you! Your order will be delivered in next few weeks :-).
2021-06-23 11:43:57,742 : INFO : utilities.BaseClass : text received from application is×
Success! Thank you! Your order will be delivered in next few weeks :-).
